<?xml version="1.0" encoding="UTF-8"?>
<testsuite xmlns:xsi="http://www.w3.org/2001/XMLSchema-instance" xsi:noNamespaceSchemaLocation="https://maven.apache.org/surefire/maven-surefire-plugin/xsd/surefire-test-report-3.0.xsd" version="3.0" name="com.corpuspractice.service.CorpusServiceTest" time="2.236" tests="4" errors="0" skipped="0" failures="0">
  <properties>
[...]
</properties>
  <testcase name="shouldListByPageWithFilter" classname="com.corpuspractice.service.CorpusServiceTest" time="0.561">
    <system-out><![CDATA[14:23:26.790 [main] INFO org.springframework.test.context.support.AnnotationConfigContextLoaderUtils -- Could not detect default configuration classes for test class [com.corpuspractice.service.CorpusServiceTest]: CorpusServiceTest does not declare any static, non-private, non-final, nested classes annotated with @Configuration.
14:23:26.840 [main] INFO org.springframework.boot.test.context.SpringBootTestContextBootstrapper -- Found @SpringBootConfiguration com.corpuspractice.CorpusPracticeApplication for test class com.corpuspractice.service.CorpusServiceTest

  .   ____          _            __ _ _
 /\\ / ___'_ __ _ _(_)_ __  __ _ \ \ \ \
( ( )\___ | '_ | '_| | '_ \/ _` | \ \ \ \
 \\/  ___)| |_)| | | | | || (_| |  ) ) ) )
  '  |____| .__|_| |_|_| |_\__, | / / / /
 =========|_|==============|___/=/_/_/_/
 :: Spring Boot ::                (v3.2.0)

2026-07-17T14:23:27.031+08:00  INFO 29662 --- [           main] c.c.service.CorpusServiceTest            : Starting CorpusServiceTest using Java 21.0.11 with PID 29662 (started by a1-6 in /Users/a1-6/Documents/ClaudeCode/2026-07-16/backend)
2026-07-17T14:23:27.032+08:00  INFO 29662 --- [           main] c.c.service.CorpusServiceTest            : The following 1 profile is active: "test"
Logging initialized using 'class org.apache.ibatis.logging.stdout.StdOutImpl' adapter.
Initialization Sequence datacenterId:0 workerId:27
 _ _   |_  _ _|_. ___ _ |    _ 
| | |\/|_)(_| | |_\  |_)||_|_\ 
     /               |         
                        3.5.5 
2026-07-17T14:23:27.569+08:00  INFO 29662 --- [           main] com.zaxxer.hikari.HikariDataSource       : HikariPool-1 - Starting...
2026-07-17T14:23:27.672+08:00  INFO 29662 --- [           main] com.zaxxer.hikari.pool.HikariPool        : HikariPool-1 - Added connection conn0: url=jdbc:h2:mem:testdb user=SA
2026-07-17T14:23:27.673+08:00  INFO 29662 --- [           main] com.zaxxer.hikari.HikariDataSource       : HikariPool-1 - Start completed.
2026-07-17T14:23:28.058+08:00  INFO 29662 --- [           main] c.c.service.CorpusServiceTest            : Started CorpusServiceTest in 1.157 seconds (process running for 1.584)
Creating a new SqlSession
SqlSession [org.apache.ibatis.session.defaults.DefaultSqlSession@b76b7d8] was not registered for synchronization because synchronization is not active
JDBC Connection [HikariProxyConnection@39296394 wrapping conn0: url=jdbc:h2:mem:testdb user=SA] will not be managed by Spring
==>  Preparing: INSERT INTO corpus ( chinese, english, category, subcategory ) VALUES ( ?, ?, ?, ? )
==> Parameters: 分页测试(String), Pagination test(String), 议论文(String), 高级表达(String)
<==    Updates: 1
Closing non transactional SqlSession [org.apache.ibatis.session.defaults.DefaultSqlSession@b76b7d8]
Creating a new SqlSession
SqlSession [org.apache.ibatis.session.defaults.DefaultSqlSession@146833a2] was not registered for synchronization because synchronization is not active
JDBC Connection [HikariProxyConnection@1369116416 wrapping conn0: url=jdbc:h2:mem:testdb user=SA] will not be managed by Spring
==>  Preparing: SELECT COUNT(*) AS total FROM corpus WHERE (category = ?)
==> Parameters: 议论文(String)
<==    Columns: TOTAL
<==        Row: 1
<==      Total: 1
==>  Preparing: SELECT id,chinese,english,notes,category,subcategory,user_id,created_at,updated_at FROM corpus WHERE (category = ?) ORDER BY id DESC LIMIT ?
==> Parameters: 议论文(String), 10(Long)
<==    Columns: ID, CHINESE, ENGLISH, NOTES, CATEGORY, SUBCATEGORY, USER_ID, CREATED_AT, UPDATED_AT
<==        Row: 1, 分页测试, Pagination test, null, 议论文, 高级表达, null, 2026-07-17 14:23:28.535992, 2026-07-17 14:23:28.535992
<==      Total: 1
Closing non transactional SqlSession [org.apache.ibatis.session.defaults.DefaultSqlSession@146833a2]
]]></system-out>
    <system-err><![CDATA[WARNING: A Java agent has been loaded dynamically (/Users/a1-6/.m2/repository/net/bytebuddy/byte-buddy-agent/1.14.10/byte-buddy-agent-1.14.10.jar)
WARNING: If a serviceability tool is in use, please run with -XX:+EnableDynamicAgentLoading to hide this warning
WARNING: If a serviceability tool is not in use, please run with -Djdk.instrument.traceUsage for more information
WARNING: Dynamic loading of agents will be disallowed by default in a future release
]]></system-err>
  </testcase>
  <testcase name="shouldImportFromExcel" classname="com.corpuspractice.service.CorpusServiceTest" time="0.298">
    <system-out><![CDATA[Creating a new SqlSession
SqlSession [org.apache.ibatis.session.defaults.DefaultSqlSession@6f69b0ba] was not registered for synchronization because synchronization is not active
JDBC Connection [HikariProxyConnection@1666414705 wrapping conn0: url=jdbc:h2:mem:testdb user=SA] will not be managed by Spring
==>  Preparing: SELECT COUNT( * ) AS total FROM corpus WHERE (chinese = ?)
==> Parameters: 测试导入中文(String)
<==    Columns: TOTAL
<==        Row: 0
<==      Total: 1
Closing non transactional SqlSession [org.apache.ibatis.session.defaults.DefaultSqlSession@6f69b0ba]
Creating a new SqlSession
SqlSession [org.apache.ibatis.session.defaults.DefaultSqlSession@64eb14da] was not registered for synchronization because synchronization is not active
JDBC Connection [HikariProxyConnection@626553488 wrapping conn0: url=jdbc:h2:mem:testdb user=SA] will not be managed by Spring
==>  Preparing: INSERT INTO corpus ( chinese, english, category, subcategory ) VALUES ( ?, ?, ?, ? )
==> Parameters: 测试导入中文(String), Test import English(String), 描写续写(String), 优秀表达(String)
<==    Updates: 1
Closing non transactional SqlSession [org.apache.ibatis.session.defaults.DefaultSqlSession@64eb14da]
]]></system-out>
  </testcase>
  <testcase name="shouldSearchByKeyword" classname="com.corpuspractice.service.CorpusServiceTest" time="0.01">
    <system-out><![CDATA[Creating a new SqlSession
SqlSession [org.apache.ibatis.session.defaults.DefaultSqlSession@56ec6ac0] was not registered for synchronization because synchronization is not active
JDBC Connection [HikariProxyConnection@1421039625 wrapping conn0: url=jdbc:h2:mem:testdb user=SA] will not be managed by Spring
==>  Preparing: INSERT INTO corpus ( chinese, english, category, subcategory ) VALUES ( ?, ?, ?, ? )
==> Parameters: 独一无二的搜索词(String), Unique search keyword(String), 描写续写(String), 环境(String)
<==    Updates: 1
Closing non transactional SqlSession [org.apache.ibatis.session.defaults.DefaultSqlSession@56ec6ac0]
Creating a new SqlSession
SqlSession [org.apache.ibatis.session.defaults.DefaultSqlSession@1cb929a9] was not registered for synchronization because synchronization is not active
JDBC Connection [HikariProxyConnection@1071287726 wrapping conn0: url=jdbc:h2:mem:testdb user=SA] will not be managed by Spring
==>  Preparing: SELECT COUNT(*) AS total FROM corpus WHERE ((chinese LIKE ? OR english LIKE ?))
==> Parameters: %独一无二%(String), %独一无二%(String)
<==    Columns: TOTAL
<==        Row: 1
<==      Total: 1
==>  Preparing: SELECT id,chinese,english,notes,category,subcategory,user_id,created_at,updated_at FROM corpus WHERE ((chinese LIKE ? OR english LIKE ?)) ORDER BY id DESC LIMIT ?
==> Parameters: %独一无二%(String), %独一无二%(String), 10(Long)
<==    Columns: ID, CHINESE, ENGLISH, NOTES, CATEGORY, SUBCATEGORY, USER_ID, CREATED_AT, UPDATED_AT
<==        Row: 3, 独一无二的搜索词, Unique search keyword, null, 描写续写, 环境, null, 2026-07-17 14:23:28.929763, 2026-07-17 14:23:28.929763
<==      Total: 1
Closing non transactional SqlSession [org.apache.ibatis.session.defaults.DefaultSqlSession@1cb929a9]
]]></system-out>
  </testcase>
  <testcase name="shouldSaveAndFindCorpus" classname="com.corpuspractice.service.CorpusServiceTest" time="0.005">
    <system-out><![CDATA[Creating a new SqlSession
SqlSession [org.apache.ibatis.session.defaults.DefaultSqlSession@48697181] was not registered for synchronization because synchronization is not active
JDBC Connection [HikariProxyConnection@1921185713 wrapping conn0: url=jdbc:h2:mem:testdb user=SA] will not be managed by Spring
==>  Preparing: INSERT INTO corpus ( chinese, english, category, subcategory ) VALUES ( ?, ?, ?, ? )
==> Parameters: 测试中文(String), Test English(String), 描写续写(String), 优秀表达(String)
<==    Updates: 1
Closing non transactional SqlSession [org.apache.ibatis.session.defaults.DefaultSqlSession@48697181]
Creating a new SqlSession
SqlSession [org.apache.ibatis.session.defaults.DefaultSqlSession@6b2efcae] was not registered for synchronization because synchronization is not active
JDBC Connection [HikariProxyConnection@145364322 wrapping conn0: url=jdbc:h2:mem:testdb user=SA] will not be managed by Spring
==>  Preparing: SELECT id,chinese,english,notes,category,subcategory,user_id,created_at,updated_at FROM corpus WHERE id=?
==> Parameters: 4(Long)
<==    Columns: ID, CHINESE, ENGLISH, NOTES, CATEGORY, SUBCATEGORY, USER_ID, CREATED_AT, UPDATED_AT
<==        Row: 4, 测试中文, Test English, null, 描写续写, 优秀表达, null, 2026-07-17 14:23:28.940821, 2026-07-17 14:23:28.940821
<==      Total: 1
Closing non transactional SqlSession [org.apache.ibatis.session.defaults.DefaultSqlSession@6b2efcae]
]]></system-out>
  </testcase>
</testsuite>